<?xml version="1.0" encoding="UTF-8"?>
<testsuite name="com.example.AlphabetGif.AlphabetGifApplicationTests" tests="1" skipped="0" failures="0" errors="0" timestamp="2024-06-09T14:47:13" hostname="DESKTOP-BGSJ3GE" time="0.51">
  <properties/>
  <testcase name="contextLoads()" classname="com.example.AlphabetGif.AlphabetGifApplicationTests" time="0.51"/>
  <system-out><![CDATA[19:47:01.262 [Test worker] INFO org.springframework.test.context.support.AnnotationConfigContextLoaderUtils -- Could not detect default configuration classes for test class [com.example.AlphabetGif.AlphabetGifApplicationTests]: AlphabetGifApplicationTests does not declare any static, non-private, non-final, nested classes annotated with @Configuration.
19:47:01.430 [Test worker] INFO org.springframework.boot.test.context.SpringBootTestContextBootstrapper -- Found @SpringBootConfiguration com.example.AlphabetGif.AlphabetGifApplication for test class com.example.AlphabetGif.AlphabetGifApplicationTests
  .   ____          _            __ _ _
 /\\ / ___'_ __ _ _(_)_ __  __ _ \ \ \ \
( ( )\___ | '_ | '_| | '_ \/ _` | \ \ \ \
 \\/  ___)| |_)| | | | | || (_| |  ) ) ) )
  '  |____| .__|_| |_|_| |_\__, | / / / /
 =========|_|==============|___/=/_/_/_/

 :: Spring Boot ::                (v3.3.0)

2024-06-09T19:47:02.173+05:00  INFO 6544 --- [    Test worker] c.e.A.AlphabetGifApplicationTests        : Starting AlphabetGifApplicationTests using Java 17.0.9 with PID 6544 (started by Yerkebulan in E:\IntellijProject\AlphabetGif\AlphabetGif)
2024-06-09T19:47:02.176+05:00  INFO 6544 --- [    Test worker] c.e.A.AlphabetGifApplicationTests        : No active profile set, falling back to 1 default profile: "default"
2024-06-09T19:47:03.281+05:00  INFO 6544 --- [    Test worker] .s.d.r.c.RepositoryConfigurationDelegate : Bootstrapping Spring Data JPA repositories in DEFAULT mode.
2024-06-09T19:47:03.376+05:00  INFO 6544 --- [    Test worker] .s.d.r.c.RepositoryConfigurationDelegate : Finished Spring Data repository scanning in 81 ms. Found 2 JPA repository interfaces.
2024-06-09T19:47:04.081+05:00  INFO 6544 --- [    Test worker] o.hibernate.jpa.internal.util.LogHelper  : HHH000204: Processing PersistenceUnitInfo [name: default]
2024-06-09T19:47:04.191+05:00  INFO 6544 --- [    Test worker] org.hibernate.Version                    : HHH000412: Hibernate ORM core version 6.5.2.Final
2024-06-09T19:47:04.251+05:00  INFO 6544 --- [    Test worker] o.h.c.internal.RegionFactoryInitiator    : HHH000026: Second-level cache disabled
2024-06-09T19:47:04.685+05:00  INFO 6544 --- [    Test worker] o.s.o.j.p.SpringPersistenceUnitInfo      : No LoadTimeWeaver setup: ignoring JPA class transformer
2024-06-09T19:47:04.729+05:00  INFO 6544 --- [    Test worker] com.zaxxer.hikari.HikariDataSource       : HikariPool-1 - Starting...
2024-06-09T19:47:07.761+05:00  INFO 6544 --- [    Test worker] com.zaxxer.hikari.pool.HikariPool        : HikariPool-1 - Added connection org.postgresql.jdbc.PgConnection@2ceb68a1
2024-06-09T19:47:07.762+05:00  INFO 6544 --- [    Test worker] com.zaxxer.hikari.HikariDataSource       : HikariPool-1 - Start completed.
2024-06-09T19:47:08.014+05:00  WARN 6544 --- [    Test worker] org.hibernate.orm.deprecation            : HHH90000025: PostgreSQLDialect does not need to be specified explicitly using 'hibernate.dialect' (remove the property setting and it will be selected by default)
2024-06-09T19:47:09.286+05:00  INFO 6544 --- [    Test worker] o.h.e.t.j.p.i.JtaPlatformInitiator       : HHH000489: No JTA platform available (set 'hibernate.transaction.jta.platform' to enable JTA platform integration)
2024-06-09T19:47:11.428+05:00  INFO 6544 --- [    Test worker] j.LocalContainerEntityManagerFactoryBean : Initialized JPA EntityManagerFactory for persistence unit 'default'
2024-06-09T19:47:12.571+05:00  WARN 6544 --- [    Test worker] JpaBaseConfiguration$JpaWebConfiguration : spring.jpa.open-in-view is enabled by default. Therefore, database queries may be performed during view rendering. Explicitly configure spring.jpa.open-in-view to disable this warning
2024-06-09T19:47:13.216+05:00  INFO 6544 --- [    Test worker] c.e.A.AlphabetGifApplicationTests        : Started AlphabetGifApplicationTests in 11.476 seconds (process running for 13.751)
]]></system-out>
  <system-err><![CDATA[]]></system-err>
</testsuite>
