<?xml version="1.0" encoding="UTF-8"?>
<testsuite name="com.example.AlphabetGif.AlphabetGifApplicationTests" tests="1" skipped="0" failures="0" errors="0" timestamp="2024-06-08T11:57:43" hostname="DESKTOP-BGSJ3GE" time="0.546">
  <properties/>
  <testcase name="contextLoads()" classname="com.example.AlphabetGif.AlphabetGifApplicationTests" time="0.546"/>
  <system-out><![CDATA[16:57:38.138 [Test worker] INFO org.springframework.test.context.support.AnnotationConfigContextLoaderUtils -- Could not detect default configuration classes for test class [com.example.AlphabetGif.AlphabetGifApplicationTests]: AlphabetGifApplicationTests does not declare any static, non-private, non-final, nested classes annotated with @Configuration.
16:57:38.260 [Test worker] INFO org.springframework.boot.test.context.SpringBootTestContextBootstrapper -- Found @SpringBootConfiguration com.example.AlphabetGif.AlphabetGifApplication for test class com.example.AlphabetGif.AlphabetGifApplicationTests
  .   ____          _            __ _ _
 /\\ / ___'_ __ _ _(_)_ __  __ _ \ \ \ \
( ( )\___ | '_ | '_| | '_ \/ _` | \ \ \ \
 \\/  ___)| |_)| | | | | || (_| |  ) ) ) )
  '  |____| .__|_| |_|_| |_\__, | / / / /
 =========|_|==============|___/=/_/_/_/

 :: Spring Boot ::                (v3.3.0)

2024-06-08T16:57:38.802+05:00  INFO 8284 --- [    Test worker] c.e.A.AlphabetGifApplicationTests        : Starting AlphabetGifApplicationTests using Java 17.0.9 with PID 8284 (started by Yerkebulan in E:\IntellijProject\AlphabetGif\AlphabetGif)
2024-06-08T16:57:38.804+05:00  INFO 8284 --- [    Test worker] c.e.A.AlphabetGifApplicationTests        : No active profile set, falling back to 1 default profile: "default"
2024-06-08T16:57:39.714+05:00  INFO 8284 --- [    Test worker] .s.d.r.c.RepositoryConfigurationDelegate : Bootstrapping Spring Data JPA repositories in DEFAULT mode.
2024-06-08T16:57:39.782+05:00  INFO 8284 --- [    Test worker] .s.d.r.c.RepositoryConfigurationDelegate : Finished Spring Data repository scanning in 58 ms. Found 2 JPA repository interfaces.
2024-06-08T16:57:40.332+05:00  INFO 8284 --- [    Test worker] o.hibernate.jpa.internal.util.LogHelper  : HHH000204: Processing PersistenceUnitInfo [name: default]
2024-06-08T16:57:40.409+05:00  INFO 8284 --- [    Test worker] org.hibernate.Version                    : HHH000412: Hibernate ORM core version 6.5.2.Final
2024-06-08T16:57:40.459+05:00  INFO 8284 --- [    Test worker] o.h.c.internal.RegionFactoryInitiator    : HHH000026: Second-level cache disabled
2024-06-08T16:57:40.859+05:00  INFO 8284 --- [    Test worker] o.s.o.j.p.SpringPersistenceUnitInfo      : No LoadTimeWeaver setup: ignoring JPA class transformer
2024-06-08T16:57:40.895+05:00  INFO 8284 --- [    Test worker] com.zaxxer.hikari.HikariDataSource       : HikariPool-1 - Starting...
2024-06-08T16:57:41.111+05:00  INFO 8284 --- [    Test worker] com.zaxxer.hikari.pool.HikariPool        : HikariPool-1 - Added connection org.postgresql.jdbc.PgConnection@269308cc
2024-06-08T16:57:41.114+05:00  INFO 8284 --- [    Test worker] com.zaxxer.hikari.HikariDataSource       : HikariPool-1 - Start completed.
2024-06-08T16:57:41.156+05:00  WARN 8284 --- [    Test worker] org.hibernate.orm.deprecation            : HHH90000025: PostgreSQLDialect does not need to be specified explicitly using 'hibernate.dialect' (remove the property setting and it will be selected by default)
2024-06-08T16:57:42.073+05:00  INFO 8284 --- [    Test worker] o.h.e.t.j.p.i.JtaPlatformInitiator       : HHH000489: No JTA platform available (set 'hibernate.transaction.jta.platform' to enable JTA platform integration)
2024-06-08T16:57:42.169+05:00  INFO 8284 --- [    Test worker] j.LocalContainerEntityManagerFactoryBean : Initialized JPA EntityManagerFactory for persistence unit 'default'
2024-06-08T16:57:43.113+05:00  WARN 8284 --- [    Test worker] JpaBaseConfiguration$JpaWebConfiguration : spring.jpa.open-in-view is enabled by default. Therefore, database queries may be performed during view rendering. Explicitly configure spring.jpa.open-in-view to disable this warning
2024-06-08T16:57:43.577+05:00  INFO 8284 --- [    Test worker] c.e.A.AlphabetGifApplicationTests        : Started AlphabetGifApplicationTests in 5.113 seconds (process running for 6.521)
]]></system-out>
  <system-err><![CDATA[]]></system-err>
</testsuite>
